<?xml version="1.0" encoding="UTF-8"?>
<testng-results skipped="0" failed="0" ignored="0" total="1" passed="1">
  <reporter-output>
  </reporter-output>
  <suite name="Suite" duration-ms="43927" started-at="2020-03-01T15:20:15 EST" finished-at="2020-03-01T15:20:59 EST">
    <groups>
    </groups>
    <test name="Test" duration-ms="43927" started-at="2020-03-01T15:20:15 EST" finished-at="2020-03-01T15:20:59 EST">
      <class name="TestCasesMainClass">
        <test-method status="PASS" signature="Initialize()[pri:0, instance:TestCasesMainClass@31ef45e3]" name="Initialize" is-config="true" duration-ms="5966" started-at="2020-03-01T15:20:15 EST" finished-at="2020-03-01T15:20:21 EST">
          <reporter-output>
          </reporter-output>
        </test-method> <!-- Initialize -->
        <test-method status="PASS" signature="LoginSFDC()[pri:0, instance:TestCasesMainClass@31ef45e3]" name="LoginSFDC" duration-ms="37164" started-at="2020-03-01T15:20:21 EST" finished-at="2020-03-01T15:20:58 EST">
          <reporter-output>
          </reporter-output>
        </test-method> <!-- LoginSFDC -->
        <test-method status="PASS" signature="CloseTest()[pri:0, instance:TestCasesMainClass@31ef45e3]" name="CloseTest" is-config="true" duration-ms="774" started-at="2020-03-01T15:20:58 EST" finished-at="2020-03-01T15:20:59 EST">
          <reporter-output>
          </reporter-output>
        </test-method> <!-- CloseTest -->
      </class> <!-- TestCasesMainClass -->
    </test> <!-- Test -->
  </suite> <!-- Suite -->
</testng-results>
